# JRE version: Java(TM) SE Runtime Environment (8.0_181-b13) (build 1.8.0_181-b13)
# Java VM: Java HotSpot(TM) 64-Bit Server VM (25.181-b13 mixed mode windows-amd64 compressed oops)
Heap:
 PSYoungGen      total 2026496K, used 379886K [0x0000000743000000, 0x00000007c0000000, 0x00000007c0000000)
  eden space 2006016K, 18% used [0x0000000743000000,0x00000007594fc180,0x00000007bd700000)
  from space 20480K, 69% used [0x00000007bec00000,0x00000007bf9ff720,0x00000007c0000000)
  to   space 20992K, 0% used [0x00000007bd700000,0x00000007bd700000,0x00000007beb80000)
 ParOldGen       total 1249792K, used 1106880K [0x0000000649000000, 0x0000000695480000, 0x0000000743000000)
  object space 1249792K, 88% used [0x0000000649000000,0x000000068c8f0118,0x0000000695480000)
 Metaspace       used 155389K, capacity 159799K, committed 160088K, reserved 1189888K
  class space    used 18761K, capacity 19518K, committed 19544K, reserved 1048576K
GC Heap History (10 events):
Event: 981.064 GC heap before
{Heap before GC invocations=291 (full 5):
 PSYoungGen      total 2023424K, used 2023198K [0x0000000743000000, 0x00000007c0000000, 0x00000007c0000000)
  eden space 2009088K, 100% used [0x0000000743000000,0x00000007bda00000,0x00000007bda00000)
  from space 14336K, 98% used [0x00000007bda00000,0x00000007be7c79d0,0x00000007be800000)
  to   space 19968K, 0% used [0x00000007bec80000,0x00000007bec80000,0x00000007c0000000)
 ParOldGen       total 1249792K, used 1106644K [0x0000000649000000, 0x0000000695480000, 0x0000000743000000)
  object space 1249792K, 88% used [0x0000000649000000,0x000000068c8b51d8,0x0000000695480000)
 Metaspace       used 155376K, capacity 159735K, committed 159832K, reserved 1189888K
  class space    used 18761K, capacity 19518K, committed 19544K, reserved 1048576K
Event: 981.074 GC heap after
Heap after GC invocations=291 (full 5):
 PSYoungGen      total 2028544K, used 9472K [0x0000000743000000, 0x00000007c0000000, 0x00000007c0000000)
  eden space 2008576K, 0% used [0x0000000743000000,0x0000000743000000,0x00000007bd980000)
  from space 19968K, 47% used [0x00000007bec80000,0x00000007bf5c0348,0x00000007c0000000)
  to   space 19456K, 0% used [0x00000007bd980000,0x00000007bd980000,0x00000007bec80000)
 ParOldGen       total 1249792K, used 1106684K [0x0000000649000000, 0x0000000695480000, 0x0000000743000000)
  object space 1249792K, 88% used [0x0000000649000000,0x000000068c8bf1d8,0x0000000695480000)
 Metaspace       used 155376K, capacity 159735K, committed 159832K, reserved 1189888K
  class space    used 18761K, capacity 19518K, committed 19544K, reserved 1048576K
}
Event: 983.959 GC heap before
{Heap before GC invocations=292 (full 5):
 PSYoungGen      total 2028544K, used 2018048K [0x0000000743000000, 0x00000007c0000000, 0x00000007c0000000)
  eden space 2008576K, 100% used [0x0000000743000000,0x00000007bd980000,0x00000007bd980000)
  from space 19968K, 47% used [0x00000007bec80000,0x00000007bf5c0348,0x00000007c0000000)
  to   space 19456K, 0% used [0x00000007bd980000,0x00000007bd980000,0x00000007bec80000)
 ParOldGen       total 1249792K, used 1106684K [0x0000000649000000, 0x0000000695480000, 0x0000000743000000)
  object space 1249792K, 88% used [0x0000000649000000,0x000000068c8bf1d8,0x0000000695480000)
 Metaspace       used 155378K, capacity 159735K, committed 159832K, reserved 1189888K
  class space    used 18761K, capacity 19518K, committed 19544K, reserved 1048576K
Event: 983.970 GC heap after
Heap after GC invocations=292 (full 5):
 PSYoungGen      total 2028032K, used 14173K [0x0000000743000000, 0x00000007bff80000, 0x00000007c0000000)
  eden space 2008576K, 0% used [0x0000000743000000,0x0000000743000000,0x00000007bd980000)
  from space 19456K, 72% used [0x00000007bd980000,0x00000007be757770,0x00000007bec80000)
  to   space 19456K, 0% used [0x00000007bec80000,0x00000007bec80000,0x00000007bff80000)
 ParOldGen       total 1249792K, used 1106776K [0x0000000649000000, 0x0000000695480000, 0x0000000743000000)
  object space 1249792K, 88% used [0x0000000649000000,0x000000068c8d6118,0x0000000695480000)
 Metaspace       used 155378K, capacity 159735K, committed 159832K, reserved 1189888K
  class space    used 18761K, capacity 19518K, committed 19544K, reserved 1048576K
}
Event: 987.006 GC heap before
{Heap before GC invocations=293 (full 5):
 PSYoungGen      total 2028032K, used 2022749K [0x0000000743000000, 0x00000007bff80000, 0x00000007c0000000)
  eden space 2008576K, 100% used [0x0000000743000000,0x00000007bd980000,0x00000007bd980000)
  from space 19456K, 72% used [0x00000007bd980000,0x00000007be757770,0x00000007bec80000)
  to   space 19456K, 0% used [0x00000007bec80000,0x00000007bec80000,0x00000007bff80000)
 ParOldGen       total 1249792K, used 1106776K [0x0000000649000000, 0x0000000695480000, 0x0000000743000000)
  object space 1249792K, 88% used [0x0000000649000000,0x000000068c8d6118,0x0000000695480000)
 Metaspace       used 155382K, capacity 159799K, committed 160088K, reserved 1189888K
  class space    used 18761K, capacity 19518K, committed 19544K, reserved 1048576K
Event: 987.017 GC heap after
Heap after GC invocations=293 (full 5):
 PSYoungGen      total 2028032K, used 14207K [0x0000000743000000, 0x00000007c0000000, 0x00000007c0000000)
  eden space 2008576K, 0% used [0x0000000743000000,0x0000000743000000,0x00000007bd980000)
  from space 19456K, 73% used [0x00000007bec80000,0x00000007bfa5fe98,0x00000007bff80000)
  to   space 19456K, 0% used [0x00000007bd980000,0x00000007bd980000,0x00000007bec80000)
 ParOldGen       total 1249792K, used 1106800K [0x0000000649000000, 0x0000000695480000, 0x0000000743000000)
  object space 1249792K, 88% used [0x0000000649000000,0x000000068c8dc118,0x0000000695480000)
 Metaspace       used 155382K, capacity 159799K, committed 160088K, reserved 1189888K
  class space    used 18761K, capacity 19518K, committed 19544K, reserved 1048576K
}
Event: 989.862 GC heap before
{Heap before GC invocations=294 (full 5):
 PSYoungGen      total 2028032K, used 2022783K [0x0000000743000000, 0x00000007c0000000, 0x00000007c0000000)
  eden space 2008576K, 100% used [0x0000000743000000,0x00000007bd980000,0x00000007bd980000)
  from space 19456K, 73% used [0x00000007bec80000,0x00000007bfa5fe98,0x00000007bff80000)
  to   space 19456K, 0% used [0x00000007bd980000,0x00000007bd980000,0x00000007bec80000)
 ParOldGen       total 1249792K, used 1106800K [0x0000000649000000, 0x0000000695480000, 0x0000000743000000)
  object space 1249792K, 88% used [0x0000000649000000,0x000000068c8dc118,0x0000000695480000)
 Metaspace       used 155382K, capacity 159799K, committed 160088K, reserved 1189888K
  class space    used 18761K, capacity 19518K, committed 19544K, reserved 1048576K
Event: 989.868 GC heap after
Heap after GC invocations=294 (full 5):
 PSYoungGen      total 2011136K, used 2262K [0x0000000743000000, 0x00000007c0000000, 0x00000007c0000000)
  eden space 2008576K, 0% used [0x0000000743000000,0x0000000743000000,0x00000007bd980000)
  from space 2560K, 88% used [0x00000007bd980000,0x00000007bdbb58f8,0x00000007bdc00000)
  to   space 20480K, 0% used [0x00000007bec00000,0x00000007bec00000,0x00000007c0000000)
 ParOldGen       total 1249792K, used 1106848K [0x0000000649000000, 0x0000000695480000, 0x0000000743000000)
  object space 1249792K, 88% used [0x0000000649000000,0x000000068c8e8118,0x0000000695480000)
 Metaspace       used 155382K, capacity 159799K, committed 160088K, reserved 1189888K
  class space    used 18761K, capacity 19518K, committed 19544K, reserved 1048576K
}
Event: 992.871 GC heap before
{Heap before GC invocations=295 (full 5):
 PSYoungGen      total 2011136K, used 2010838K [0x0000000743000000, 0x00000007c0000000, 0x00000007c0000000)
  eden space 2008576K, 100% used [0x0000000743000000,0x00000007bd980000,0x00000007bd980000)
  from space 2560K, 88% used [0x00000007bd980000,0x00000007bdbb58f8,0x00000007bdc00000)
  to   space 20480K, 0% used [0x00000007bec00000,0x00000007bec00000,0x00000007c0000000)
 ParOldGen       total 1249792K, used 1106848K [0x0000000649000000, 0x0000000695480000, 0x0000000743000000)
  object space 1249792K, 88% used [0x0000000649000000,0x000000068c8e8118,0x0000000695480000)
 Metaspace       used 155386K, capacity 159799K, committed 160088K, reserved 1189888K
  class space    used 18761K, capacity 19518K, committed 19544K, reserved 1048576K
Event: 992.882 GC heap after
Heap after GC invocations=295 (full 5):
 PSYoungGen      total 2026496K, used 14333K [0x0000000743000000, 0x00000007c0000000, 0x00000007c0000000)
  eden space 2006016K, 0% used [0x0000000743000000,0x0000000743000000,0x00000007bd700000)
  from space 20480K, 69% used [0x00000007bec00000,0x00000007bf9ff720,0x00000007c0000000)
  to   space 20992K, 0% used [0x00000007bd700000,0x00000007bd700000,0x00000007beb80000)
 ParOldGen       total 1249792K, used 1106880K [0x0000000649000000, 0x0000000695480000, 0x0000000743000000)
  object space 1249792K, 88% used [0x0000000649000000,0x000000068c8f0118,0x0000000695480000)
 Metaspace       used 155386K, capacity 159799K, committed 160088K, reserved 1189888K
  class space    used 18761K, capacity 19518K, committed 19544K, reserved 1048576K
}

