# JRE version: Java(TM) SE Runtime Environment (8.0_66-b18) (build 1.8.0_66-b18)
# Java VM: Java HotSpot(TM) 64-Bit Server VM (25.66-b18 mixed mode windows-amd64 compressed oops)
Heap:
 PSYoungGen      total 570368K, used 62973K [0x00000000d5580000, 0x0000000100000000, 0x0000000100000000)
  eden space 507392K, 0% used [0x00000000d5580000,0x00000000d5580000,0x00000000f4500000)
  from space 62976K, 99% used [0x00000000fc280000,0x00000000fffff4e0,0x0000000100000000)
  to   space 95744K, 0% used [0x00000000f4500000,0x00000000f4500000,0x00000000fa280000)
 ParOldGen       total 680960K, used 661087K [0x0000000080000000, 0x00000000a9900000, 0x00000000d5580000)
  object space 680960K, 97% used [0x0000000080000000,0x00000000a8597d98,0x00000000a9900000)
 Metaspace       used 141514K, capacity 145860K, committed 145920K, reserved 1177600K
  class space    used 17194K, capacity 17917K, committed 17920K, reserved 1048576K
GC Heap History (10 events):
Event: 815.609 GC heap after
Heap after GC invocations=95 (full 5):
 PSYoungGen      total 623616K, used 11228K [0x00000000d5580000, 0x00000000ff580000, 0x0000000100000000)
  eden space 573440K, 0% used [0x00000000d5580000,0x00000000d5580000,0x00000000f8580000)
  from space 50176K, 22% used [0x00000000fc480000,0x00000000fcf770a0,0x00000000ff580000)
  to   space 57344K, 0% used [0x00000000f8580000,0x00000000f8580000,0x00000000fbd80000)
 ParOldGen       total 680960K, used 558753K [0x0000000080000000, 0x00000000a9900000, 0x00000000d5580000)
  object space 680960K, 82% used [0x0000000080000000,0x00000000a21a84a8,0x00000000a9900000)
 Metaspace       used 141397K, capacity 145648K, committed 145664K, reserved 1177600K
  class space    used 17191K, capacity 17914K, committed 17920K, reserved 1048576K
}
Event: 841.965 GC heap before
{Heap before GC invocations=96 (full 5):
 PSYoungGen      total 623616K, used 584668K [0x00000000d5580000, 0x00000000ff580000, 0x0000000100000000)
  eden space 573440K, 100% used [0x00000000d5580000,0x00000000f8580000,0x00000000f8580000)
  from space 50176K, 22% used [0x00000000fc480000,0x00000000fcf770a0,0x00000000ff580000)
  to   space 57344K, 0% used [0x00000000f8580000,0x00000000f8580000,0x00000000fbd80000)
 ParOldGen       total 680960K, used 558753K [0x0000000080000000, 0x00000000a9900000, 0x00000000d5580000)
  object space 680960K, 82% used [0x0000000080000000,0x00000000a21a84a8,0x00000000a9900000)
 Metaspace       used 141436K, capacity 145726K, committed 145920K, reserved 1177600K
  class space    used 17193K, capacity 17916K, committed 17920K, reserved 1048576K
Event: 841.972 GC heap after
Heap after GC invocations=96 (full 5):
 PSYoungGen      total 630784K, used 14020K [0x00000000d5580000, 0x00000000ffc80000, 0x0000000100000000)
  eden space 573440K, 0% used [0x00000000d5580000,0x00000000d5580000,0x00000000f8580000)
  from space 57344K, 24% used [0x00000000f8580000,0x00000000f93310f0,0x00000000fbd80000)
  to   space 53760K, 0% used [0x00000000fc800000,0x00000000fc800000,0x00000000ffc80000)
 ParOldGen       total 680960K, used 558761K [0x0000000080000000, 0x00000000a9900000, 0x00000000d5580000)
  object space 680960K, 82% used [0x0000000080000000,0x00000000a21aa4a8,0x00000000a9900000)
 Metaspace       used 141436K, capacity 145726K, committed 145920K, reserved 1177600K
  class space    used 17193K, capacity 17916K, committed 17920K, reserved 1048576K
}
Event: 872.671 GC heap before
{Heap before GC invocations=97 (full 5):
 PSYoungGen      total 630784K, used 587460K [0x00000000d5580000, 0x00000000ffc80000, 0x0000000100000000)
  eden space 573440K, 100% used [0x00000000d5580000,0x00000000f8580000,0x00000000f8580000)
  from space 57344K, 24% used [0x00000000f8580000,0x00000000f93310f0,0x00000000fbd80000)
  to   space 53760K, 0% used [0x00000000fc800000,0x00000000fc800000,0x00000000ffc80000)
 ParOldGen       total 680960K, used 558761K [0x0000000080000000, 0x00000000a9900000, 0x00000000d5580000)
  object space 680960K, 82% used [0x0000000080000000,0x00000000a21aa4a8,0x00000000a9900000)
 Metaspace       used 141466K, capacity 145726K, committed 145920K, reserved 1177600K
  class space    used 17193K, capacity 17916K, committed 17920K, reserved 1048576K
Event: 872.690 GC heap after
Heap after GC invocations=97 (full 5):
 PSYoungGen      total 636928K, used 37703K [0x00000000d5580000, 0x0000000100000000, 0x0000000100000000)
  eden space 583168K, 0% used [0x00000000d5580000,0x00000000d5580000,0x00000000f8f00000)
  from space 53760K, 70% used [0x00000000fc800000,0x00000000fecd1dd0,0x00000000ffc80000)
  to   space 57856K, 0% used [0x00000000f8f00000,0x00000000f8f00000,0x00000000fc780000)
 ParOldGen       total 680960K, used 603231K [0x0000000080000000, 0x00000000a9900000, 0x00000000d5580000)
  object space 680960K, 88% used [0x0000000080000000,0x00000000a4d17e48,0x00000000a9900000)
 Metaspace       used 141466K, capacity 145726K, committed 145920K, reserved 1177600K
  class space    used 17193K, capacity 17916K, committed 17920K, reserved 1048576K
}
Event: 873.497 GC heap before
{Heap before GC invocations=98 (full 5):
 PSYoungGen      total 636928K, used 620423K [0x00000000d5580000, 0x0000000100000000, 0x0000000100000000)
  eden space 583168K, 99% used [0x00000000d5580000,0x00000000f8e8ffc0,0x00000000f8f00000)
  from space 53760K, 70% used [0x00000000fc800000,0x00000000fecd1dd0,0x00000000ffc80000)
  to   space 57856K, 0% used [0x00000000f8f00000,0x00000000f8f00000,0x00000000fc780000)
 ParOldGen       total 680960K, used 603231K [0x0000000080000000, 0x00000000a9900000, 0x00000000d5580000)
  object space 680960K, 88% used [0x0000000080000000,0x00000000a4d17e48,0x00000000a9900000)
 Metaspace       used 141503K, capacity 145854K, committed 145920K, reserved 1177600K
  class space    used 17193K, capacity 17916K, committed 17920K, reserved 1048576K
Event: 873.508 GC heap after
Heap after GC invocations=98 (full 5):
 PSYoungGen      total 625152K, used 41508K [0x00000000d5580000, 0x0000000100000000, 0x0000000100000000)
  eden space 583168K, 0% used [0x00000000d5580000,0x00000000d5580000,0x00000000f8f00000)
  from space 41984K, 98% used [0x00000000f8f00000,0x00000000fb789050,0x00000000fb800000)
  to   space 62976K, 0% used [0x00000000fc280000,0x00000000fc280000,0x0000000100000000)
 ParOldGen       total 680960K, used 603239K [0x0000000080000000, 0x00000000a9900000, 0x00000000d5580000)
  object space 680960K, 88% used [0x0000000080000000,0x00000000a4d19e48,0x00000000a9900000)
 Metaspace       used 141503K, capacity 145854K, committed 145920K, reserved 1177600K
  class space    used 17193K, capacity 17916K, committed 17920K, reserved 1048576K
}
Event: 877.015 GC heap before
{Heap before GC invocations=99 (full 5):
 PSYoungGen      total 625152K, used 624672K [0x00000000d5580000, 0x0000000100000000, 0x0000000100000000)
  eden space 583168K, 99% used [0x00000000d5580000,0x00000000f8eff120,0x00000000f8f00000)
  from space 41984K, 98% used [0x00000000f8f00000,0x00000000fb789050,0x00000000fb800000)
  to   space 62976K, 0% used [0x00000000fc280000,0x00000000fc280000,0x0000000100000000)
 ParOldGen       total 680960K, used 603239K [0x0000000080000000, 0x00000000a9900000, 0x00000000d5580000)
  object space 680960K, 88% used [0x0000000080000000,0x00000000a4d19e48,0x00000000a9900000)
 Metaspace       used 141514K, capacity 145860K, committed 145920K, reserved 1177600K
  class space    used 17194K, capacity 17917K, committed 17920K, reserved 1048576K
Event: 877.036 GC heap after
Heap after GC invocations=99 (full 5):
 PSYoungGen      total 570368K, used 62973K [0x00000000d5580000, 0x0000000100000000, 0x0000000100000000)
  eden space 507392K, 0% used [0x00000000d5580000,0x00000000d5580000,0x00000000f4500000)
  from space 62976K, 99% used [0x00000000fc280000,0x00000000fffff4e0,0x0000000100000000)
  to   space 95744K, 0% used [0x00000000f4500000,0x00000000f4500000,0x00000000fa280000)
 ParOldGen       total 680960K, used 661087K [0x0000000080000000, 0x00000000a9900000, 0x00000000d5580000)
  object space 680960K, 97% used [0x0000000080000000,0x00000000a8597d98,0x00000000a9900000)
 Metaspace       used 141514K, capacity 145860K, committed 145920K, reserved 1177600K
  class space    used 17194K, capacity 17917K, committed 17920K, reserved 1048576K
}
Event: 877.036 GC heap before
{Heap before GC invocations=100 (full 6):
 PSYoungGen      total 570368K, used 62973K [0x00000000d5580000, 0x0000000100000000, 0x0000000100000000)
  eden space 507392K, 0% used [0x00000000d5580000,0x00000000d5580000,0x00000000f4500000)
  from space 62976K, 99% used [0x00000000fc280000,0x00000000fffff4e0,0x0000000100000000)
  to   space 95744K, 0% used [0x00000000f4500000,0x00000000f4500000,0x00000000fa280000)
 ParOldGen       total 680960K, used 661087K [0x0000000080000000, 0x00000000a9900000, 0x00000000d5580000)
  object space 680960K, 97% used [0x0000000080000000,0x00000000a8597d98,0x00000000a9900000)
 Metaspace       used 141514K, capacity 145860K, committed 145920K, reserved 1177600K
  class space    used 17194K, capacity 17917K, committed 17920K, reserved 1048576K

